make all --print-data-base --no-builtin-variables --no-builtin-rules --question
# GNU Make 3.81
# Copyright (C) 2006  Free Software Foundation, Inc.
# This is free software; see the source for copying conditions.
# There is NO warranty; not even for MERCHANTABILITY or FITNESS FOR A
# PARTICULAR PURPOSE.

# This program built for i386-apple-darwin11.3.0

# Make data base, printed on Fri Jun 17 16:08:47 2022

# Variables

# automatic
<D = $(patsubst %/,%,$(dir $<))
# automatic
?F = $(notdir $?)
# environment
ELECTRON_NO_ATTACH_CONSOLE = 1
# environment
VSCODE_LOG_NATIVE = false
# automatic
?D = $(patsubst %/,%,$(dir $?))
# environment
ARCHFLAGS = -arch x86_64
# automatic
@D = $(patsubst %/,%,$(dir $@))
# automatic
@F = $(notdir $@)
# makefile
CURDIR := /Users/mossaka/Developer/wasi-callback
# makefile
SHELL = /bin/sh
# environment
VSCODE_NLS_CONFIG = {"locale":"en-us","availableLanguages":{},"_languagePackSupport":true}
# environment
_ = /usr/bin/make
# makefile (from `Makefile', line 1)
MAKEFILE_LIST :=  Makefile
# environment
VSCODE_VERBOSE_LOGGING = true
# environment
__CFBundleIdentifier = com.microsoft.VSCode
# environment
VSCODE_IPC_HOOK_EXTHOST = /var/folders/rz/51yqdh7d09542dtygqzpk61m0000gn/T/vscode-ipc-a85143c7-20bb-4628-8227-d56e3c624b4c.sock
# environment
VSCODE_CWD = /Users/mossaka/Developer/wasi-callback
# environment
PATH = /Users/mossaka/.wasmtime/bin:/Users/mossaka/.krew/bin:/usr/local/Caskroom/miniconda/base/bin:/usr/local/Caskroom/miniconda/base/condabin:/usr/local/opt/llvm/bin:/Users/mossaka/.tiup/bin:/usr/local/bin:/usr/bin:/bin:/usr/sbin:/sbin:/usr/local/MacGPG2/bin:/usr/local/share/dotnet:~/.dotnet/tools:/Users/mossaka/.cargo/bin:/usr/local/opt/riscv-gnu-toolchain/bin
# environment
LSCOLORS = Gxfxcxdxbxegedabagacad
# environment
LaunchInstanceID = A0968CD3-FE82-458E-AB2E-23BFFA277725
# environment
VSCODE_LOG_STACK = false
# environment
ELECTRON_RUN_AS_NODE = 1
# default
.FEATURES := target-specific order-only second-expansion else-if archives jobserver check-symlink
# environment
SSH_AUTH_SOCK = /private/tmp/com.apple.launchd.lUtUZhELGT/Listeners
# automatic
%F = $(notdir $%)
# environment
CONDA_EXE = /usr/local/Caskroom/miniconda/base/bin/conda
# environment
 
make: *** No rule to make target `all'.  Stop.

VSCODE_PIPE_LOGGING = true
# environment
PWD = /Users/mossaka/Developer/wasi-callback
# environment
ORIGINAL_XDG_CURRENT_DESKTOP = undefined
# environment
VSCODE_AMD_ENTRYPOINT = vs/workbench/api/node/extensionHostProcess
# environment
HOME = /Users/mossaka
# environment
AZURE_STORAGE_KEY = mHiHnYvmbvIqvJb8Oplyyg1rlc/lZk/1M3M94muIxbai2nJlYB+kcR0Yi03mxtvC77B+F0PhSKhc/C5KlPjWxg==
# default
MAKEFILEPATH = $(shell /usr/bin/xcode-select -print-path 2>/dev/null || echo /Developer)/Makefiles
# environment
VSCODE_CLI = 1
# environment
VSCODE_CODE_CACHE_PATH = /Users/mossaka/Library/Application Support/Code/CachedData/4af164ea3a06f701fe3e89a2bcbb421d2026b68f
# environment
LOGNAME = mossaka
# environment
APPLICATION_INSIGHTS_NO_DIAGNOSTIC_CHANNEL = 1
# environment
CONDA_PROMPT_MODIFIER = (base) 
# environment
WASMTIME_HOME = /Users/mossaka/.wasmtime
# environment
ZSH = /Users/mossaka/.oh-my-zsh
# environment
VSCODE_HANDLES_UNCAUGHT_ERRORS = true
# automatic
^D = $(patsubst %/,%,$(dir $^))
# environment
AZURE_STORAGE_ACCOUNT = cloudeventsstorage
# environment
CONDA_DEFAULT_ENV = base
# environment
XPC_FLAGS = 0x0
# default
MAKE = $(MAKE_COMMAND)
# default
MAKECMDGOALS := all
# environment
SHLVL = 3
# default
MAKE_VERSION := 3.81
# environment
USER = mossaka
# makefile
.DEFAULT_GOAL := build
# environment
TERM_SESSION_ID = 8DCB06C3-09D3-4255-BE3A-F9F9CB467EE6
# environment
LESS = -R
# automatic
%D = $(patsubst %/,%,$(dir $%))
# environment
AZURE_CLIENT_ID = 005ccf79-0110-41e2-9762-0e382f9b7835
# environment
CONDA_SHLVL = 1
# default
MAKE_COMMAND := /Library/Developer/CommandLineTools/usr/bin/make
# environment
TERM_PROGRAM = Apple_Terminal
# default
.VARIABLES := 
# environment
TMPDIR = /var/folders/rz/51yqdh7d09542dtygqzpk61m0000gn/T/
# automatic
*F = $(notdir $*)
# environment
VSCODE_IPC_HOOK = /Users/mossaka/Library/Application Support/Code/1.68.0-main.sock
# makefile
MAKEFLAGS = Rrqp
# environment
MFLAGS = -Rrqp
# automatic
*D = $(patsubst %/,%,$(dir $*))
# environment
TERM_PROGRAM_VERSION = 445
# environment
XPC_SERVICE_NAME = application.com.microsoft.VSCode.20568854.20568860.64F03C0C-39FB-4E2B-B4AA-D2A5E3C64EF1
# automatic
+D = $(patsubst %/,%,$(dir $+))
# automatic
+F = $(notdir $+)
# environment
__CF_USER_TEXT_ENCODING = 0x1F5:0x0:0x0
# environment
COMMAND_MODE = unix2003
# default
MAKEFILES := 
# environment
AZURE_CLIENT_SECRET = yt5s8~_~NNmVUF_TiIv_Ujiu_6rhC9mARl
# automatic
<F = $(notdir $<)
# environment
AZURE_SUBSCRIPTION_ID = 9aae05a8-b131-486c-8129-6a0ea96b5065
# environment
PAGER = less
# environment
LC_ALL = C
# environment
CONDA_PYTHON_EXE = /usr/local/Caskroom/miniconda/base/bin/python
# environment
SECURITYSESSIONID = 186a4
# automatic
^F = $(notdir $^)
# environment
AZURE_TENANT_ID = 72f988bf-86f1-41af-91ab-2d7cd011db47
# default
SUFFIXES := 
# environment
_CE_M = 
# environment
AZURE_STORAGE_CONNECTION_STRING = DefaultEndpointsProtocol=https;AccountName=cloudeventsstorage;AccountKey=mHiHnYvmbvIqvJb8Oplyyg1rlc/lZk/1M3M94muIxbai2nJlYB+kcR0Yi03mxtvC77B+F0PhSKhc/C5KlPjWxg==;EndpointSuffix=core.windows.net
# default
.INCLUDE_DIRS = /usr/local/include
# environment
MAKELEVEL := 0
# environment
CONDA_PREFIX = /usr/local/Caskroom/miniconda/base
# environment
TERM = xterm-256color
# environment
VSCODE_PID = 34565
# environment
_CE_CONDA = 
# environment
LANG = C
# variable set hash-table stats:
# Load=91/1024=9%, Rehash=0, Collisions=3/115=3%

# Pattern-specific Variable Values

# No pattern-specific variable values.

# Directories

# . (device 16777221, inode 20577682): 15 files, no impossibilities.

# 15 files, no impossibilities in 1 directories.

# Implicit Rules

# No implicit rules.

# Files

# Not a target:
all:
#  Command-line target.
#  Implicit rule search has been done.
#  File does not exist.
#  File has not been updated.
# variable set hash-table stats:
# Load=0/32=0%, Rehash=0, Collisions=0/0=0%

# Not a target:
.SUFFIXES:
#  Implicit rule search has not been done.
#  Modification time never checked.
#  File has not been updated.

# Not a target:
Makefile:
#  Implicit rule search has been done.
#  Last modified 2022-06-17 15:35:06
#  File has been updated.
#  Successfully updated.
# variable set hash-table stats:
# Load=0/32=0%, Rehash=0, Collisions=0/0=0%

build:
#  Implicit rule search has not been done.
#  Modification time never checked.
#  File has not been updated.
#  commands to execute (from `Makefile', line 2):
	cargo build --release
	cargo build --target=wasm32-wasi --release --manifest-path ./demo/Cargo.toml
	

# Not a target:
.DEFAULT:
#  Implicit rule search has not been done.
#  Modification time never checked.
#  File has not been updated.

run:
#  Implicit rule search has not been done.
#  Modification time never checked.
#  File has not been updated.
#  commands to execute (from `Makefile', line 6):
	./target/release/wasi-callback
	

# files hash-table stats:
# Load=6/1024=1%, Rehash=0, Collisions=0/18=0%
# VPATH Search Paths

# No `vpath' search paths.

# No general (`VPATH' variable) search path.

# # of strings in strcache: 1
# # of strcache buffers: 1
# strcache size: total = 4096 / max = 4096 / min = 4096 / avg = 4096
# strcache free: total = 4087 / max = 4087 / min = 4087 / avg = 4087

# Finished Make data base on Fri Jun 17 16:08:47 2022

 
